<?xml version="1.0" encoding="UTF-8"?>
<!-- Generated by org.testng.reporters.JUnitReportReporter -->
<testsuite hostname="obaidulla.cable.rcn.com" name="com.osa.runner.Somke" tests="1" failures="0" timestamp="26 Apr 2020 20:06:39 GMT" time="16.893" errors="0">
  <testcase name="feature" time="16.893" classname="com.osa.runner.Somke"/>
</testsuite> <!-- com.osa.runner.Somke -->
