<?xml version="1.0" encoding="UTF-8"?>
<!-- Generated by org.testng.reporters.JUnitReportReporter -->
<testsuite hostname="obaidulla.cable.rcn.com" name="com.osa.common.Browser" tests="1" failures="0" timestamp="26 Apr 2020 04:55:00 GMT" time="4.725" errors="0">
  <testcase name="openBrowser" time="4.725" classname="com.osa.common.Browser"/>
</testsuite> <!-- com.osa.common.Browser -->
